<?xml version="1.0" encoding="UTF-8"?>
<testsuite xmlns:xsi="http://www.w3.org/2001/XMLSchema-instance" xsi:noNamespaceSchemaLocation="https://maven.apache.org/surefire/maven-surefire-plugin/xsd/surefire-test-report-3.0.xsd" version="3.0" name="com.demo.resortslite.BookingServiceTest" time="0.448" tests="54" errors="0" skipped="0" failures="0">
  <properties>
[...]
</properties>
  <testcase name="isRoomAvailable_allValidRoomTypes_returnTrue(String)[1]" classname="com.demo.resortslite.BookingServiceTest" time="0.299"/>
  <testcase name="isRoomAvailable_allValidRoomTypes_returnTrue(String)[2]" classname="com.demo.resortslite.BookingServiceTest" time="0.002"/>
  <testcase name="isRoomAvailable_allValidRoomTypes_returnTrue(String)[3]" classname="com.demo.resortslite.BookingServiceTest" time="0.002"/>
  <testcase name="isRoomAvailable_allValidRoomTypes_returnTrue(String)[4]" classname="com.demo.resortslite.BookingServiceTest" time="0.001"/>
  <testcase name="generateReport_withValidMonth_returnsNonNullString" classname="com.demo.resortslite.BookingServiceTest" time="0.002"/>
  <testcase name="calculateRoomPrice_combinedPeakAndGoldLoyalty" classname="com.demo.resortslite.BookingServiceTest" time="0.002"/>
  <testcase name="calculateRoomPrice_unknownRoomType_defaultsToStandardPrice" classname="com.demo.resortslite.BookingServiceTest" time="0.002"/>
  <testcase name="isRoomAvailable_standardRoom_returnsTrue" classname="com.demo.resortslite.BookingServiceTest" time="0.001"/>
  <testcase name="calculateRoomPrice_goldLoyalty_appliesDiscount" classname="com.demo.resortslite.BookingServiceTest" time="0.001"/>
  <testcase name="isRoomAvailable_villaRoom_returnsTrue" classname="com.demo.resortslite.BookingServiceTest" time="0.001"/>
  <testcase name="calculateRoomPrice_platinumLoyalty_appliesDiscount" classname="com.demo.resortslite.BookingServiceTest" time="0.001"/>
  <testcase name="calculateRoomPrice_deluxeRoomNormalSeason_returnsCorrectPrice" classname="com.demo.resortslite.BookingServiceTest" time="0.001"/>
  <testcase name="getBookingById_whenJdbcThrowsException_returnsErrorMap" classname="com.demo.resortslite.BookingServiceTest" time="0.022"/>
  <testcase name="calculateRoomPrice_suiteRoomNormalSeason_returnsCorrectPrice" classname="com.demo.resortslite.BookingServiceTest" time="0.001"/>
  <testcase name="getBookingById_withValidId_returnsBookingData" classname="com.demo.resortslite.BookingServiceTest" time="0.001"/>
  <testcase name="isRoomAvailable_invalidRoomTypes_returnFalse(String)[1]" classname="com.demo.resortslite.BookingServiceTest" time="0.002"/>
  <testcase name="isRoomAvailable_invalidRoomTypes_returnFalse(String)[2]" classname="com.demo.resortslite.BookingServiceTest" time="0.001"/>
  <testcase name="isRoomAvailable_invalidRoomTypes_returnFalse(String)[3]" classname="com.demo.resortslite.BookingServiceTest" time="0.002"/>
  <testcase name="isRoomAvailable_invalidRoomTypes_returnFalse(String)[4]" classname="com.demo.resortslite.BookingServiceTest" time="0.001"/>
  <testcase name="isRoomAvailable_invalidRoomTypes_returnFalse(String)[5]" classname="com.demo.resortslite.BookingServiceTest" time="0.002"/>
  <testcase name="createBooking_returnsBookingIdWithBKPrefix" classname="com.demo.resortslite.BookingServiceTest" time="0.011"/>
  <testcase name="calculateRoomPrice_diamondLoyalty_appliesDiscount" classname="com.demo.resortslite.BookingServiceTest" time="0.002"/>
  <testcase name="calculateRoomPrice_sevenNightsOrMore_appliesWeeklyDiscount" classname="com.demo.resortslite.BookingServiceTest" time="0.001"/>
  <testcase name="generateReport_containsMonthInResult" classname="com.demo.resortslite.BookingServiceTest" time="0.001"/>
  <testcase name="getBookingById_errorMessageContainsBookingId" classname="com.demo.resortslite.BookingServiceTest" time="0.002"/>
  <testcase name="generateReport_allMonths_returnsNonNullResult(String)[1]" classname="com.demo.resortslite.BookingServiceTest" time="0.002"/>
  <testcase name="generateReport_allMonths_returnsNonNullResult(String)[2]" classname="com.demo.resortslite.BookingServiceTest" time="0.001"/>
  <testcase name="generateReport_allMonths_returnsNonNullResult(String)[3]" classname="com.demo.resortslite.BookingServiceTest" time="0.002"/>
  <testcase name="generateReport_allMonths_returnsNonNullResult(String)[4]" classname="com.demo.resortslite.BookingServiceTest" time="0.002"/>
  <testcase name="generateReport_allMonths_returnsNonNullResult(String)[5]" classname="com.demo.resortslite.BookingServiceTest" time="0.001"/>
  <testcase name="generateReport_allMonths_returnsNonNullResult(String)[6]" classname="com.demo.resortslite.BookingServiceTest" time="0.001"/>
  <testcase name="generateReport_allMonths_returnsNonNullResult(String)[7]" classname="com.demo.resortslite.BookingServiceTest" time="0.002"/>
  <testcase name="generateReport_allMonths_returnsNonNullResult(String)[8]" classname="com.demo.resortslite.BookingServiceTest" time="0.001"/>
  <testcase name="generateReport_allMonths_returnsNonNullResult(String)[9]" classname="com.demo.resortslite.BookingServiceTest" time="0.001"/>
  <testcase name="generateReport_allMonths_returnsNonNullResult(String)[10]" classname="com.demo.resortslite.BookingServiceTest" time="0.002"/>
  <testcase name="generateReport_allMonths_returnsNonNullResult(String)[11]" classname="com.demo.resortslite.BookingServiceTest" time="0.001"/>
  <testcase name="generateReport_allMonths_returnsNonNullResult(String)[12]" classname="com.demo.resortslite.BookingServiceTest" time="0.002"/>
  <testcase name="calculateRoomPrice_returnsFormattedTwoDecimalString" classname="com.demo.resortslite.BookingServiceTest" time="0.002"/>
  <testcase name="createBooking_returnsDbHostInResult" classname="com.demo.resortslite.BookingServiceTest" time="0.002"/>
  <testcase name="createBooking_eachCallGeneratesUniqueBookingId" classname="com.demo.resortslite.BookingServiceTest" time="0.005"/>
  <testcase name="calculateRoomPrice_fourteenNightsOrMore_appliesBiweeklyDiscount" classname="com.demo.resortslite.BookingServiceTest" time="0.001"/>
  <testcase name="isRoomAvailable_unknownRoomType_returnsFalse" classname="com.demo.resortslite.BookingServiceTest" time="0.001"/>
  <testcase name="isRoomAvailable_deluxeRoom_returnsTrue" classname="com.demo.resortslite.BookingServiceTest" time="0.001"/>
  <testcase name="generateReport_containsPaymentApiReference" classname="com.demo.resortslite.BookingServiceTest" time="0.001"/>
  <testcase name="calculateRoomPrice_villaRoomNormalSeason_returnsCorrectPrice" classname="com.demo.resortslite.BookingServiceTest" time="0.001"/>
  <testcase name="isRoomAvailable_suiteRoom_returnsTrue" classname="com.demo.resortslite.BookingServiceTest" time="0.001"/>
  <testcase name="calculateRoomPrice_standardRoomNormalSeason_returnsCorrectPrice" classname="com.demo.resortslite.BookingServiceTest" time="0.001"/>
  <testcase name="createBooking_returnsConfirmationCode" classname="com.demo.resortslite.BookingServiceTest" time="0.002"/>
  <testcase name="isRoomAvailable_emptyString_returnsFalse" classname="com.demo.resortslite.BookingServiceTest" time="0.001"/>
  <testcase name="createBooking_executesJdbcInsert" classname="com.demo.resortslite.BookingServiceTest" time="0.002"/>
  <testcase name="calculateRoomPrice_offSeason_appliesDiscount" classname="com.demo.resortslite.BookingServiceTest" time="0.001"/>
  <testcase name="createBooking_withValidInputs_returnsBookingMap" classname="com.demo.resortslite.BookingServiceTest" time="0.001"/>
  <testcase name="calculateRoomPrice_peakSeason_appliesMultiplier" classname="com.demo.resortslite.BookingServiceTest" time="0.001"/>
  <testcase name="isRoomAvailable_lowercaseRoomType_returnsFalse" classname="com.demo.resortslite.BookingServiceTest" time="0.001"/>
</testsuite>