<?xml version="1.0" encoding="UTF-8"?>
<testsuite xmlns:xsi="http://www.w3.org/2001/XMLSchema-instance" xsi:noNamespaceSchemaLocation="https://maven.apache.org/surefire/maven-surefire-plugin/xsd/surefire-test-report-3.0.xsd" version="3.0" name="com.demo.resortslite.ResortsLiteApplicationTest" time="3.858" tests="2" errors="0" skipped="0" failures="0">
  <properties>
[...]
</properties>
  <testcase name="contextLoads" classname="com.demo.resortslite.ResortsLiteApplicationTest" time="0.789">
    <system-out><![CDATA[07:05:41.840 [main] DEBUG org.springframework.test.context.BootstrapUtils - Instantiating CacheAwareContextLoaderDelegate from class [org.springframework.test.context.cache.DefaultCacheAwareContextLoaderDelegate]
07:05:41.852 [main] DEBUG org.springframework.test.context.BootstrapUtils - Instantiating BootstrapContext using constructor [public org.springframework.test.context.support.DefaultBootstrapContext(java.lang.Class,org.springframework.test.context.CacheAwareContextLoaderDelegate)]
07:05:41.901 [main] DEBUG org.springframework.test.context.BootstrapUtils - Instantiating TestContextBootstrapper for test class [com.demo.resortslite.ResortsLiteApplicationTest] from class [org.springframework.boot.test.context.SpringBootTestContextBootstrapper]
07:05:41.914 [main] INFO org.springframework.boot.test.context.SpringBootTestContextBootstrapper - Neither @ContextConfiguration nor @ContextHierarchy found for test class [com.demo.resortslite.ResortsLiteApplicationTest], using SpringBootContextLoader
07:05:41.919 [main] DEBUG org.springframework.test.context.support.AbstractContextLoader - Did not detect default resource location for test class [com.demo.resortslite.ResortsLiteApplicationTest]: class path resource [com/demo/resortslite/ResortsLiteApplicationTest-context.xml] does not exist
07:05:41.920 [main] DEBUG org.springframework.test.context.support.AbstractContextLoader - Did not detect default resource location for test class [com.demo.resortslite.ResortsLiteApplicationTest]: class path resource [com/demo/resortslite/ResortsLiteApplicationTestContext.groovy] does not exist
07:05:41.920 [main] INFO org.springframework.test.context.support.AbstractContextLoader - Could not detect default resource locations for test class [com.demo.resortslite.ResortsLiteApplicationTest]: no resource found for suffixes {-context.xml, Context.groovy}.
07:05:41.921 [main] INFO org.springframework.test.context.support.AnnotationConfigContextLoaderUtils - Could not detect default configuration classes for test class [com.demo.resortslite.ResortsLiteApplicationTest]: ResortsLiteApplicationTest does not declare any static, non-private, non-final, nested classes annotated with @Configuration.
07:05:42.055 [main] DEBUG org.springframework.context.annotation.ClassPathScanningCandidateComponentProvider - Identified candidate component class: file [/modernize-data/studio-data/TNT1001/APP525396/transformed-code/162/studio-workspace/RLUpgrade/target/classes/com/demo/resortslite/ResortsLiteApplication.class]
07:05:42.055 [main] INFO org.springframework.boot.test.context.SpringBootTestContextBootstrapper - Found @SpringBootConfiguration com.demo.resortslite.ResortsLiteApplication for test class com.demo.resortslite.ResortsLiteApplicationTest
07:05:42.176 [main] DEBUG org.springframework.boot.test.context.SpringBootTestContextBootstrapper - @TestExecutionListeners is not present for class [com.demo.resortslite.ResortsLiteApplicationTest]: using defaults.
07:05:42.176 [main] INFO org.springframework.boot.test.context.SpringBootTestContextBootstrapper - Loaded default TestExecutionListener class names from location [META-INF/spring.factories]: [org.springframework.boot.test.mock.mockito.MockitoTestExecutionListener, org.springframework.boot.test.mock.mockito.ResetMocksTestExecutionListener, org.springframework.boot.test.autoconfigure.restdocs.RestDocsTestExecutionListener, org.springframework.boot.test.autoconfigure.web.client.MockRestServiceServerResetTestExecutionListener, org.springframework.boot.test.autoconfigure.web.servlet.MockMvcPrintOnlyOnFailureTestExecutionListener, org.springframework.boot.test.autoconfigure.web.servlet.WebDriverTestExecutionListener, org.springframework.boot.test.autoconfigure.webservices.client.MockWebServiceServerTestExecutionListener, org.springframework.test.context.web.ServletTestExecutionListener, org.springframework.test.context.support.DirtiesContextBeforeModesTestExecutionListener, org.springframework.test.context.event.ApplicationEventsTestExecutionListener, org.springframework.test.context.support.DependencyInjectionTestExecutionListener, org.springframework.test.context.support.DirtiesContextTestExecutionListener, org.springframework.test.context.transaction.TransactionalTestExecutionListener, org.springframework.test.context.jdbc.SqlScriptsTestExecutionListener, org.springframework.test.context.event.EventPublishingTestExecutionListener]
07:05:42.195 [main] INFO org.springframework.boot.test.context.SpringBootTestContextBootstrapper - Using TestExecutionListeners: [org.springframework.test.context.web.ServletTestExecutionListener@33bfe6d3, org.springframework.test.context.support.DirtiesContextBeforeModesTestExecutionListener@56dde9f7, org.springframework.test.context.event.ApplicationEventsTestExecutionListener@4b2acb12, org.springframework.boot.test.mock.mockito.MockitoTestExecutionListener@455d04d2, org.springframework.boot.test.autoconfigure.SpringBootDependencyInjectionTestExecutionListener@998fbd4, org.springframework.test.context.support.DirtiesContextTestExecutionListener@30333941, org.springframework.test.context.transaction.TransactionalTestExecutionListener@2d5c160e, org.springframework.test.context.jdbc.SqlScriptsTestExecutionListener@8afce3, org.springframework.test.context.event.EventPublishingTestExecutionListener@4e02f17d, org.springframework.boot.test.mock.mockito.ResetMocksTestExecutionListener@675230cd, org.springframework.boot.test.autoconfigure.restdocs.RestDocsTestExecutionListener@2a73a64f, org.springframework.boot.test.autoconfigure.web.client.MockRestServiceServerResetTestExecutionListener@7dc92a06, org.springframework.boot.test.autoconfigure.web.servlet.MockMvcPrintOnlyOnFailureTestExecutionListener@2419a5db, org.springframework.boot.test.autoconfigure.web.servlet.WebDriverTestExecutionListener@52bb3dcd, org.springframework.boot.test.autoconfigure.webservices.client.MockWebServiceServerTestExecutionListener@654db80b]
07:05:42.199 [main] DEBUG org.springframework.test.context.support.AbstractDirtiesContextTestExecutionListener - Before test class: context [DefaultTestContext@5977bdea testClass = ResortsLiteApplicationTest, testInstance = [null], testMethod = [null], testException = [null], mergedContextConfiguration = [WebMergedContextConfiguration@49c13ecd testClass = ResortsLiteApplicationTest, locations = '{}', classes = '{class com.demo.resortslite.ResortsLiteApplication}', contextInitializerClasses = '[]', activeProfiles = '{test}', propertySourceLocations = '{}', propertySourceProperties = '{org.springframework.boot.test.context.SpringBootTestContextBootstrapper=true}', contextCustomizers = set[org.springframework.boot.test.context.filter.ExcludeFilterContextCustomizer@7c453c34, org.springframework.boot.test.json.DuplicateJsonObjectContextCustomizerFactory$DuplicateJsonObjectContextCustomizer@65cc5252, org.springframework.boot.test.mock.mockito.MockitoContextCustomizer@0, org.springframework.boot.test.web.client.TestRestTemplateContextCustomizer@46a8c2b4, org.springframework.boot.test.autoconfigure.actuate.metrics.MetricsExportContextCustomizerFactory$DisableMetricExportContextCustomizer@682e422c, org.springframework.boot.test.autoconfigure.properties.PropertyMappingContextCustomizer@0, org.springframework.boot.test.autoconfigure.web.servlet.WebDriverContextCustomizerFactory$Customizer@279126f5, org.springframework.boot.test.context.SpringBootTestArgs@1, org.springframework.boot.test.context.SpringBootTestWebEnvironment@29d334c], resourceBasePath = 'src/main/webapp', contextLoader = 'org.springframework.boot.test.context.SpringBootContextLoader', parent = [null]], attributes = map['org.springframework.test.context.web.ServletTestExecutionListener.activateListener' -> true]], class annotated with @DirtiesContext [false] with mode [null].

  .   ____          _            __ _ _
 /\\ / ___'_ __ _ _(_)_ __  __ _ \ \ \ \
( ( )\___ | '_ | '_| | '_ \/ _` | \ \ \ \
 \\/  ___)| |_)| | | | | || (_| |  ) ) ) )
  '  |____| .__|_| |_|_| |_\__, | / / / /
 =========|_|==============|___/=/_/_/_/
 :: Spring Boot ::               (v2.7.18)

2026-07-22 07:05:42.509  INFO 31948 --- [           main] c.d.r.ResortsLiteApplicationTest         : Starting ResortsLiteApplicationTest using Java 11.0.25 on 662540aec1a0 with PID 31948 (started by studioai in /modernize-data/studio-data/TNT1001/APP525396/transformed-code/162/studio-workspace/RLUpgrade)
2026-07-22 07:05:42.510  INFO 31948 --- [           main] c.d.r.ResortsLiteApplicationTest         : The following 1 profile is active: "test"
2026-07-22 07:05:43.878  INFO 31948 --- [           main] c.d.r.ResortsLiteApplicationTest         : Started ResortsLiteApplicationTest in 1.643 seconds (JVM running for 2.849)
]]></system-out>
  </testcase>
  <testcase name="main_doesNotThrowException" classname="com.demo.resortslite.ResortsLiteApplicationTest" time="0.91">
    <system-out><![CDATA[
  .   ____          _            __ _ _
 /\\ / ___'_ __ _ _(_)_ __  __ _ \ \ \ \
( ( )\___ | '_ | '_| | '_ \/ _` | \ \ \ \
 \\/  ___)| |_)| | | | | || (_| |  ) ) ) )
  '  |____| .__|_| |_|_| |_\__, | / / / /
 =========|_|==============|___/=/_/_/_/
 :: Spring Boot ::               (v2.7.18)

2026-07-22 07:05:44.718  INFO 31948 --- [           main] c.d.resortslite.ResortsLiteApplication   : Starting ResortsLiteApplication using Java 11.0.25 on 662540aec1a0 with PID 31948 (started by studioai in /modernize-data/studio-data/TNT1001/APP525396/transformed-code/162/studio-workspace/RLUpgrade)
2026-07-22 07:05:44.719  INFO 31948 --- [           main] c.d.resortslite.ResortsLiteApplication   : The following 1 profile is active: "qa"
2026-07-22 07:05:44.985  INFO 31948 --- [           main] o.s.b.w.embedded.tomcat.TomcatWebServer  : Tomcat initialized with port(s): 8080 (http)
2026-07-22 07:05:44.997  INFO 31948 --- [           main] o.apache.catalina.core.StandardService   : Starting service [Tomcat]
2026-07-22 07:05:44.998  INFO 31948 --- [           main] org.apache.catalina.core.StandardEngine  : Starting Servlet engine: [Apache Tomcat/9.0.83]
2026-07-22 07:05:45.088  INFO 31948 --- [           main] o.a.c.c.C.[Tomcat].[localhost].[/]       : Initializing Spring embedded WebApplicationContext
2026-07-22 07:05:45.088  INFO 31948 --- [           main] w.s.c.ServletWebServerApplicationContext : Root WebApplicationContext: initialization completed in 367 ms
2026-07-22 07:05:45.103  INFO 31948 --- [           main] com.zaxxer.hikari.HikariDataSource       : HikariPool-1 - Starting...
2026-07-22 07:05:45.430  INFO 31948 --- [           main] com.zaxxer.hikari.HikariDataSource       : HikariPool-1 - Start completed.
2026-07-22 07:05:45.444  INFO 31948 --- [           main] o.s.b.a.h2.H2ConsoleAutoConfiguration    : H2 console available at '/h2-console'. Database available at 'jdbc:h2:mem:resortdb'
2026-07-22 07:05:45.594  INFO 31948 --- [           main] o.s.b.w.embedded.tomcat.TomcatWebServer  : Tomcat started on port(s): 8080 (http) with context path ''
2026-07-22 07:05:45.596  INFO 31948 --- [           main] c.d.resortslite.ResortsLiteApplication   : Started ResortsLiteApplication in 0.903 seconds (JVM running for 4.566)
]]></system-out>
  </testcase>
</testsuite>