<?xml version="1.0" encoding="UTF-8"?>
<testsuite xmlns:xsi="http://www.w3.org/2001/XMLSchema-instance" xsi:noNamespaceSchemaLocation="https://maven.apache.org/surefire/maven-surefire-plugin/xsd/surefire-test-report-3.0.xsd" version="3.0" name="com.demo.resortslite.BookingControllerTest" time="0.498" tests="24" errors="0" skipped="0" failures="0">
  <properties>
[...]
</properties>
  <testcase name="getBookingStatus_callsBookingServiceWithCorrectId" classname="com.demo.resortslite.BookingControllerTest" time="0.39"/>
  <testcase name="downloadReport_withValidMonth_returnsResponseMap" classname="com.demo.resortslite.BookingControllerTest" time="0.008"/>
  <testcase name="getBookingStatus_returnsSessionGuestName" classname="com.demo.resortslite.BookingControllerTest" time="0.007"/>
  <testcase name="createBooking_responseContainsTwoKeys" classname="com.demo.resortslite.BookingControllerTest" time="0.009"/>
  <testcase name="createBooking_callsBookingServiceWithCorrectParams" classname="com.demo.resortslite.BookingControllerTest" time="0.003"/>
  <testcase name="checkAvailability_whenRoomNotAvailable_returnsFalse" classname="com.demo.resortslite.BookingControllerTest" time="0.003"/>
  <testcase name="downloadReport_reportPathContainsMonthAndPdfExtension" classname="com.demo.resortslite.BookingControllerTest" time="0.003"/>
  <testcase name="getBookingStatus_withValidBookingId_returnsResultMap" classname="com.demo.resortslite.BookingControllerTest" time="0.003"/>
  <testcase name="checkAvailability_responseContainsInventoryEndpoint" classname="com.demo.resortslite.BookingControllerTest" time="0.004"/>
  <testcase name="downloadReport_responseContainsMessage" classname="com.demo.resortslite.BookingControllerTest" time="0.003"/>
  <testcase name="downloadReport_callsBookingServiceGenerateReport" classname="com.demo.resortslite.BookingControllerTest" time="0.003"/>
  <testcase name="downloadReport_responseContainsReportPath" classname="com.demo.resortslite.BookingControllerTest" time="0.003"/>
  <testcase name="downloadReport_reportPathStartsWithLegacyPath" classname="com.demo.resortslite.BookingControllerTest" time="0.002"/>
  <testcase name="checkAvailability_withValidRoomType_returnsResponseMap" classname="com.demo.resortslite.BookingControllerTest" time="0.002"/>
  <testcase name="getBookingStatus_returnsDetailsFromService" classname="com.demo.resortslite.BookingControllerTest" time="0.002"/>
  <testcase name="createBooking_withValidParams_returnsConfirmedStatus" classname="com.demo.resortslite.BookingControllerTest" time="0.003"/>
  <testcase name="checkAvailability_callsBookingServiceIsRoomAvailable" classname="com.demo.resortslite.BookingControllerTest" time="0.002"/>
  <testcase name="getBookingStatus_whenSessionGuestIsNull_returnsNullSessionGuest" classname="com.demo.resortslite.BookingControllerTest" time="0.003"/>
  <testcase name="createBooking_withValidParams_returnsBookingInResponse" classname="com.demo.resortslite.BookingControllerTest" time="0.002"/>
  <testcase name="getBookingStatus_resultContainsThreeKeys" classname="com.demo.resortslite.BookingControllerTest" time="0.002"/>
  <testcase name="createBooking_storesGuestNameInSession" classname="com.demo.resortslite.BookingControllerTest" time="0.002"/>
  <testcase name="createBooking_storesBookingInSession" classname="com.demo.resortslite.BookingControllerTest" time="0.002"/>
  <testcase name="checkAvailability_returnsRoomTypeInResponse" classname="com.demo.resortslite.BookingControllerTest" time="0.002"/>
  <testcase name="checkAvailability_whenRoomAvailable_returnsTrue" classname="com.demo.resortslite.BookingControllerTest" time="0.002"/>
</testsuite>