<?xml version="1.0" encoding="UTF-8"?>
<testsuite xmlns:xsi="http://www.w3.org/2001/XMLSchema-instance" xsi:noNamespaceSchemaLocation="https://maven.apache.org/surefire/maven-surefire-plugin/xsd/surefire-test-report.xsd" name="com.demo.resortslite.BookingServiceTest" time="0.254" tests="39" errors="0" skipped="0" failures="0">
  <properties>
[...]
</properties>
  <testcase name="generateReport_messageContainsReportGenerationText" classname="com.demo.resortslite.BookingServiceTest" time="0.203"/>
  <testcase name="calculateRoomPrice_offSeasonWithGoldLoyaltyAndLongStay" classname="com.demo.resortslite.BookingServiceTest" time="0.002"/>
  <testcase name="calculateRoomPrice_multipleNightsReturnsTotalNotPerNight" classname="com.demo.resortslite.BookingServiceTest" time="0.001"/>
  <testcase name="calculateRoomPrice_peakSeasonWithDiamondLoyalty" classname="com.demo.resortslite.BookingServiceTest" time="0.001"/>
  <testcase name="calculateRoomPrice_diamondLoyaltyApplies30PercentDiscount" classname="com.demo.resortslite.BookingServiceTest" time="0.001"/>
  <testcase name="createBooking_guestNameStoredCorrectly" classname="com.demo.resortslite.BookingServiceTest" time="0.017"/>
  <testcase name="getBookingById_errorMessageContainsBookingNotFound" classname="com.demo.resortslite.BookingServiceTest" time="0.002"/>
  <testcase name="calculateRoomPrice_sevenNightsApplies5PercentDiscount" classname="com.demo.resortslite.BookingServiceTest" time="0.001"/>
  <testcase name="isRoomAvailable_emptyStringReturnsFalse" classname="com.demo.resortslite.BookingServiceTest" time="0.001"/>
  <testcase name="generateReport_differentMonthsProduceDifferentMessages" classname="com.demo.resortslite.BookingServiceTest" time="0"/>
  <testcase name="isRoomAvailable_villaRoomIsAvailable" classname="com.demo.resortslite.BookingServiceTest" time="0"/>
  <testcase name="isRoomAvailable_standardRoomIsAvailable" classname="com.demo.resortslite.BookingServiceTest" time="0.001"/>
  <testcase name="generateReport_returnsNonNullMessage" classname="com.demo.resortslite.BookingServiceTest" time="0.001"/>
  <testcase name="getBookingById_whenNotFound_returnsErrorMap" classname="com.demo.resortslite.BookingServiceTest" time="0.001"/>
  <testcase name="calculateRoomPrice_suiteRoomNoSeasonNoLoyalty" classname="com.demo.resortslite.BookingServiceTest" time="0.001"/>
  <testcase name="createBooking_roomTypeStoredCorrectly" classname="com.demo.resortslite.BookingServiceTest" time="0.001"/>
  <testcase name="isRoomAvailable_deluxeRoomIsAvailable" classname="com.demo.resortslite.BookingServiceTest" time="0.001"/>
  <testcase name="calculateRoomPrice_peakSeasonApplies150PercentMultiplier" classname="com.demo.resortslite.BookingServiceTest" time="0"/>
  <testcase name="calculateRoomPrice_sixNightsNoLongStayDiscount" classname="com.demo.resortslite.BookingServiceTest" time="0"/>
  <testcase name="calculateRoomPrice_platinumLoyaltyApplies20PercentDiscount" classname="com.demo.resortslite.BookingServiceTest" time="0.001"/>
  <testcase name="calculateRoomPrice_goldLoyaltyApplies10PercentDiscount" classname="com.demo.resortslite.BookingServiceTest" time="0.001"/>
  <testcase name="calculateRoomPrice_deluxeRoomNoSeasonNoLoyalty" classname="com.demo.resortslite.BookingServiceTest" time="0"/>
  <testcase name="createBooking_withValidInputs_returnsBookingMapWithExpectedKeys" classname="com.demo.resortslite.BookingServiceTest" time="0.001"/>
  <testcase name="createBooking_jdbcTemplateExecuteIsCalledOnce" classname="com.demo.resortslite.BookingServiceTest" time="0.001"/>
  <testcase name="generateReport_messageContainsMonth" classname="com.demo.resortslite.BookingServiceTest" time="0"/>
  <testcase name="isRoomAvailable_lowercaseRoomTypeReturnsFalse" classname="com.demo.resortslite.BookingServiceTest" time="0"/>
  <testcase name="calculateRoomPrice_villaRoomNoSeasonNoLoyalty" classname="com.demo.resortslite.BookingServiceTest" time="0.001"/>
  <testcase name="createBooking_confirmationCodeIsNonEmpty" classname="com.demo.resortslite.BookingServiceTest" time="0.001"/>
  <testcase name="createBooking_bookingIdStartsWithBKPrefix" classname="com.demo.resortslite.BookingServiceTest" time="0.001"/>
  <testcase name="calculateRoomPrice_unknownRoomTypeDefaultsToStandard" classname="com.demo.resortslite.BookingServiceTest" time="0.001"/>
  <testcase name="getBookingById_whenFound_returnsResultMap" classname="com.demo.resortslite.BookingServiceTest" time="0"/>
  <testcase name="isRoomAvailable_nullRoomTypeThrowsNullPointerException" classname="com.demo.resortslite.BookingServiceTest" time="0.001"/>
  <testcase name="calculateRoomPrice_offSeasonApplies80PercentMultiplier" classname="com.demo.resortslite.BookingServiceTest" time="0"/>
  <testcase name="createBooking_checkInAndCheckOutStoredCorrectly" classname="com.demo.resortslite.BookingServiceTest" time="0.001"/>
  <testcase name="calculateRoomPrice_fourteenNightsApplies10PercentDiscount" classname="com.demo.resortslite.BookingServiceTest" time="0"/>
  <testcase name="calculateRoomPrice_fifteenNightsApplies10PercentDiscount" classname="com.demo.resortslite.BookingServiceTest" time="0.001"/>
  <testcase name="isRoomAvailable_unknownRoomTypeReturnsFalse" classname="com.demo.resortslite.BookingServiceTest" time="0.001"/>
  <testcase name="isRoomAvailable_suiteRoomIsAvailable" classname="com.demo.resortslite.BookingServiceTest" time="0"/>
  <testcase name="calculateRoomPrice_standardRoomNoSeasonNoLoyalty_returnsBaseTimesNights" classname="com.demo.resortslite.BookingServiceTest" time="0"/>
</testsuite>